Daily regeneration completed at Wed Nov 19 23:48:54 UTC 2025
Daily regeneration completed at Thu Nov 20 00:52:48 UTC 2025
Daily regeneration completed at Thu Nov 20 01:06:23 UTC 2025
Daily regeneration completed at Thu Nov 20 01:11:39 UTC 2025
Daily regeneration completed at Thu Nov 20 01:35:14 UTC 2025
Daily regeneration completed at Thu Nov 20 01:39:56 UTC 2025
Daily regeneration completed at Thu Nov 20 10:07:38 UTC 2025
Daily regeneration completed at Fri Nov 21 10:08:06 UTC 2025
Daily regeneration completed at Sat Nov 22 10:06:35 UTC 2025
Daily regeneration completed at Sun Nov 23 10:06:42 UTC 2025
Daily regeneration completed at Mon Nov 24 10:08:46 UTC 2025
Daily regeneration completed at Tue Nov 25 10:08:55 UTC 2025
Daily regeneration completed at Wed Nov 26 10:08:04 UTC 2025
Daily regeneration completed at Thu Nov 27 10:07:54 UTC 2025
Daily regeneration completed at Fri Nov 28 10:08:11 UTC 2025
Daily regeneration completed at Sat Nov 29 10:07:01 UTC 2025
Daily regeneration completed at Sun Nov 30 10:06:46 UTC 2025
Daily regeneration completed at Mon Dec  1 10:08:41 UTC 2025
Daily regeneration completed at Tue Dec  2 10:08:18 UTC 2025
Daily regeneration completed at Wed Dec  3 10:08:36 UTC 2025
Daily regeneration completed at Thu Dec  4 10:08:37 UTC 2025
Daily regeneration completed at Fri Dec  5 10:08:26 UTC 2025
Daily regeneration completed at Sat Dec  6 10:06:44 UTC 2025
Daily regeneration completed at Sun Dec  7 10:06:26 UTC 2025
Daily regeneration completed at Mon Dec  8 10:08:40 UTC 2025
Daily regeneration completed at Tue Dec  9 10:09:05 UTC 2025
Daily regeneration completed at Wed Dec 10 10:08:46 UTC 2025
Daily regeneration completed at Thu Dec 11 10:08:16 UTC 2025
Daily regeneration completed at Fri Dec 12 10:08:18 UTC 2025
Daily regeneration completed at Sat Dec 13 10:06:41 UTC 2025
Daily regeneration completed at Sun Dec 14 10:06:51 UTC 2025
Daily regeneration completed at Mon Dec 15 10:09:20 UTC 2025
Daily regeneration completed at Tue Dec 16 10:10:18 UTC 2025
Daily regeneration completed at Wed Dec 17 10:08:32 UTC 2025
Daily regeneration completed at Fri Dec 19 10:08:13 UTC 2025
Daily regeneration completed at Sat Dec 20 10:06:57 UTC 2025
Daily regeneration completed at Sun Dec 21 10:06:55 UTC 2025
Daily regeneration completed at Mon Dec 22 10:08:01 UTC 2025
Daily regeneration completed at Tue Dec 23 10:08:24 UTC 2025
Daily regeneration completed at Wed Dec 24 10:07:53 UTC 2025
Daily regeneration completed at Thu Dec 25 10:08:02 UTC 2025
Daily regeneration completed at Fri Dec 26 10:07:59 UTC 2025
Daily regeneration completed at Sat Dec 27 10:06:48 UTC 2025
Daily regeneration completed at Sun Dec 28 10:06:58 UTC 2025
Daily regeneration completed at Mon Dec 29 10:08:35 UTC 2025
Daily regeneration completed at Tue Dec 30 10:08:13 UTC 2025
Daily regeneration completed at Wed Dec 31 10:07:47 UTC 2025
Daily regeneration completed at Thu Jan  1 10:08:03 UTC 2026
Daily regeneration completed at Fri Jan  2 10:07:47 UTC 2026
Daily regeneration completed at Sat Jan  3 10:06:53 UTC 2026
Daily regeneration completed at Sun Jan  4 10:06:48 UTC 2026
Daily regeneration completed at Mon Jan  5 10:09:16 UTC 2026
Daily regeneration completed at Tue Jan  6 10:08:26 UTC 2026
Daily regeneration completed at Wed Jan  7 10:08:38 UTC 2026
Daily regeneration completed at Thu Jan  8 10:08:59 UTC 2026
Daily regeneration completed at Fri Jan  9 10:08:11 UTC 2026
Daily regeneration completed at Sat Jan 10 10:06:54 UTC 2026
Daily regeneration completed at Sun Jan 11 10:06:55 UTC 2026
Daily regeneration completed at Mon Jan 12 10:09:33 UTC 2026
Daily regeneration completed at Tue Jan 13 10:08:38 UTC 2026
Daily regeneration completed at Wed Jan 14 10:08:41 UTC 2026
Daily regeneration completed at Thu Jan 15 10:08:19 UTC 2026
Daily regeneration completed at Fri Jan 16 10:08:25 UTC 2026
Daily regeneration completed at Sat Jan 17 10:06:38 UTC 2026
Daily regeneration completed at Sun Jan 18 10:06:53 UTC 2026
Daily regeneration completed at Mon Jan 19 10:10:10 UTC 2026
Daily regeneration completed at Tue Jan 20 10:10:33 UTC 2026
Daily regeneration completed at Wed Jan 21 10:09:46 UTC 2026
Daily regeneration completed at Thu Jan 22 10:10:27 UTC 2026
Daily regeneration completed at Fri Jan 23 10:08:31 UTC 2026
